<?xml version="1.0" encoding="utf-8"?>
<TestRun id="503d7628-8b56-47c1-a4bd-958872603f2b" name="johan@LAPTOP-AKPQIV2M 2026-01-10 12:44:17" runUser="LAPTOP-AKPQIV2M\johan" xmlns="http://microsoft.com/schemas/VisualStudio/TeamTest/2010">
  <Times creation="2026-01-10T12:44:17.3366560+01:00" queuing="2026-01-10T12:44:17.3366560+01:00" start="2026-01-10T12:44:17.1335143+01:00" finish="2026-01-10T12:44:17.3396490+01:00" />
  <TestSettings name="default" id="79b92c0f-7158-4868-b7e4-fce3ba1783a7">
    <Deployment runDeploymentRoot="johan_LAPTOP-AKPQIV2M_2026-01-10_12_44_17" />
  </TestSettings>
  <TestLists>
    <TestList name="Results Not in a List" id="8c84fa94-04c1-424b-9868-57a2d4851a1d" />
    <TestList name="All Loaded Results" id="19431567-8539-422a-85d7-44ee4e166bda" />
  </TestLists>
  <ResultSummary outcome="Completed">
    <Counters total="0" executed="0" passed="0" failed="0" error="0" timeout="0" aborted="0" inconclusive="0" passedButRunAborted="0" notRunnable="0" notExecuted="0" disconnected="0" warning="0" completed="0" inProgress="0" pending="0" />
  </ResultSummary>
</TestRun>